[ 2026-01-17 15:22:21,774 ] 164 numexpr.utils - INFO - NumExpr defaulting to 8 threads.
[ 2026-01-17 15:22:25,996 ] 66 root - INFO - Load model objects.
[ 2026-01-17 15:22:27,529 ] 70 root - INFO - Preprocess the input data.
[ 2026-01-17 15:22:27,529 ] 75 root - INFO - Predict.
[ 2026-01-17 15:22:27,641 ] 83 root - INFO - Prediction successfully made.
[ 2026-01-17 15:22:51,841 ] 66 root - INFO - Load model objects.
[ 2026-01-17 15:22:51,893 ] 70 root - INFO - Preprocess the input data.
[ 2026-01-17 15:22:51,898 ] 75 root - INFO - Predict.
[ 2026-01-17 15:22:51,948 ] 83 root - INFO - Prediction successfully made.
[ 2026-01-17 15:22:57,847 ] 66 root - INFO - Load model objects.
[ 2026-01-17 15:22:57,857 ] 70 root - INFO - Preprocess the input data.
[ 2026-01-17 15:22:57,857 ] 75 root - INFO - Predict.
[ 2026-01-17 15:22:57,860 ] 83 root - INFO - Prediction successfully made.
[ 2026-01-17 15:23:04,447 ] 66 root - INFO - Load model objects.
[ 2026-01-17 15:23:04,492 ] 70 root - INFO - Preprocess the input data.
[ 2026-01-17 15:23:04,494 ] 75 root - INFO - Predict.
[ 2026-01-17 15:23:04,517 ] 83 root - INFO - Prediction successfully made.
[ 2026-01-17 15:23:12,205 ] 66 root - INFO - Load model objects.
[ 2026-01-17 15:23:12,255 ] 70 root - INFO - Preprocess the input data.
[ 2026-01-17 15:23:12,258 ] 75 root - INFO - Predict.
[ 2026-01-17 15:23:12,273 ] 83 root - INFO - Prediction successfully made.
